<?xml version="1.0" encoding="UTF-8"?>
<!-- Generated by org.testng.reporters.JUnitReportReporter -->
<testsuite hostname="Naveen" failures="0" tests="1" name="com.timesmed.tests.LoginTest" time="8.926" errors="0" timestamp="2024-10-05T18:03:08 IST" skipped="0">
  <testcase classname="com.timesmed.tests.LoginTest" name="VerifyLogin" time="8.926"/>
  <system-out/>
</testsuite> <!-- com.timesmed.tests.LoginTest -->
